"../../../../../../Users/DRACO/Documents/Unreal Projects/Endless_Runner/Content/Mannequin/Character/Mesh/SK_Mannequin_Skeleton.uasset" 0
"../../../../../../Users/DRACO/Documents/Unreal Projects/Endless_Runner/Content/Mannequin/Animations/ThirdPerson_Jump.uasset" 1
"../../../../../../Users/DRACO/Documents/Unreal Projects/Endless_Runner/Content/Mannequin/Character/Mesh/SK_Mannequin_PhysicsAsset.uasset" 2
"../../../../../../Users/DRACO/Documents/Unreal Projects/Endless_Runner/Content/ThirdPersonBP/mainmenu.uasset" 3
"../../../../../../Users/DRACO/Documents/Unreal Projects/Endless_Runner/Content/ThirdPersonBP/NewWidgetBlueprint.uasset" 4
"../../../Engine/Content/Functions/Engine_MaterialFunctions01/Opacity/CameraDepthFade.uasset" 5
"../../../Engine/Content/EngineMaterials/T_Default_Material_Grid_M.uasset" 6
"../../../Engine/Content/EngineMaterials/T_Default_Material_Grid_N.uasset" 7
"../../../Engine/Content/EngineMaterials/WorldGridMaterial.uasset" 8
"../../../Engine/Content/ArtTools/RenderToTexture/Meshes/S_1_Unit_Plane.uasset" 9
"../../../Engine/Content/EngineMaterials/DefaultMaterial.uasset" 10
"../../../Engine/Content/BasicShapes/Cone.uasset" 11
"../../../Engine/Content/BasicShapes/Cylinder.uasset" 12
"../../../Engine/Content/BasicShapes/Plane.uasset" 13
"../../../Engine/Content/BasicShapes/Sphere.uasset" 14
"../../../Engine/Content/EditorLandscapeResources/DataLayer.uasset" 15
"../../../Engine/Content/EditorMaterials/GizmoMaterial.uasset" 16
"../../../Engine/Content/EditorMaterials/MAT_Groups_Toggle.uasset" 17
"../../../Engine/Content/EditorMaterials/MAT_Groups_Visibility.uasset" 18
"../../../Engine/Content/EditorMaterials/PreviewShadowIndicator.uasset" 19
"../../../Engine/Content/EditorMaterials/PreviewShadowIndicatorMaterial.uasset" 20
"../../../Engine/Content/EditorMaterials/MatineeGroups/MAT_ColorTrack.uasset" 21
"../../../Engine/Content/EditorMaterials/MatineeGroups/MAT_Groups_Anim.uasset" 22
"../../../Engine/Content/EditorMaterials/MatineeGroups/MAT_Groups_AudioMaster.uasset" 23
"../../../Engine/Content/EditorMaterials/MatineeGroups/MAT_Groups_Director.uasset" 24
"../../../Engine/Content/EditorMaterials/MatineeGroups/MAT_Groups_Event.uasset" 25
"../../../Engine/Content/EditorMaterials/MatineeGroups/MAT_Groups_Fade.uasset" 26
"../../../Engine/Content/EditorMaterials/MatineeGroups/MAT_Groups_Float.uasset" 27
"../../../Engine/Content/EditorMaterials/MatineeGroups/MAT_Groups_Move.uasset" 28
"../../../Engine/Content/EditorMaterials/MatineeGroups/MAT_Groups_Slomo.uasset" 29
"../../../Engine/Content/EditorMaterials/MatineeGroups/MAT_Groups_Sound.uasset" 30
"../../../Engine/Content/EditorMaterials/MatineeGroups/MAT_Groups_Vector.uasset" 31
"../../../Engine/Content/EditorMaterials/ParticleSystems/PSysThumbnail_NoImage.uasset" 32
"../../../Engine/Content/EditorMaterials/ParticleSystems/PSysThumbnail_OOD.uasset" 33
"../../../Engine/Content/EditorMaterials/Camera/CineMat.uasset" 34
"../../../Engine/Content/EditorMaterials/Camera/MI_CineMat_Rig.uasset" 35
"../../../Engine/Content/EditorMeshes/Camera/SM_CraneRig_Arm.uasset" 36
"../../../Engine/Content/EditorMeshes/Camera/SM_CraneRig_Base.uasset" 37
"../../../Engine/Content/EditorMeshes/Camera/SM_CraneRig_Body.uasset" 38
"../../../Engine/Content/EditorMeshes/Camera/SM_CraneRig_Mount.uasset" 39
"../../../Engine/Content/EditorMeshes/Camera/SM_RailRig_Mount.uasset" 40
"../../../Engine/Content/EditorMeshes/Camera/SM_RailRig_Track.uasset" 41
"../../../Engine/Content/EditorResources/BSPVertex.uasset" 42
"../../../Engine/Content/EditorResources/EmptyActor.uasset" 43
"../../../Engine/Content/EditorResources/S_Actor.uasset" 44
"../../../Engine/Content/EditorResources/S_Trigger.uasset" 45
"../../../Engine/Content/EditorResources/LightIcons/S_LightError.uasset" 46
"../../../Engine/Content/EditorResources/SequenceRecorder/Countdown.uasset" 47
"../../../Engine/Content/EditorResources/SequenceRecorder/RecordingIndicator.uasset" 48
"../../../Engine/Content/EditorSounds/Notifications/CompileFailed.uasset" 49
"../../../Engine/Content/EditorSounds/Notifications/CompileFailed_Cue.uasset" 50
"../../../Engine/Content/EditorSounds/Notifications/CompileSuccess.uasset" 51
"../../../Engine/Content/EditorSounds/Notifications/CompileStart_Cue.uasset" 52
"../../../Engine/Content/EditorSounds/Notifications/CompileSuccess_Cue.uasset" 53
"../../../Engine/Content/EngineDamageTypes/DmgTypeBP_Environmental.uasset" 54
"../../../Engine/Content/EngineDebugMaterials/HeatmapGradient.uasset" 55
"../../../Engine/Content/EngineDebugMaterials/BoneWeightMaterial.uasset" 56
"../../../Engine/Content/EngineDebugMaterials/ClothMaterial.uasset" 57
"../../../Engine/Content/EngineDebugMaterials/ClothMaterial_WF.uasset" 58
"../../../Engine/Content/EngineDebugMaterials/DebugEditorMaterial.uasset" 59
"../../../Engine/Content/EngineDebugMaterials/DebugMeshMaterial.uasset" 60
"../../../Engine/Content/EngineDebugMaterials/GeomMaterial.uasset" 61
"../../../Engine/Content/EngineDebugMaterials/M_SimpleTranslucent.uasset" 62
"../../../Engine/Content/EngineFonts/Faces/RobotoBold.uasset" 63
"../../../Engine/Content/EngineFonts/Faces/RobotoBoldItalic.uasset" 64
"../../../Engine/Content/EngineFonts/Faces/RobotoItalic.uasset" 65
"../../../Engine/Content/EngineFonts/Faces/RobotoLight.uasset" 66
"../../../Engine/Content/EngineFonts/Faces/RobotoRegular.uasset" 67
"../../../Engine/Content/EngineFonts/Roboto.uasset" 68
"../../../Engine/Content/EngineFonts/Faces/RobotoTiny.uasset" 69
"../../../Engine/Content/EngineFonts/RobotoTiny.uasset" 70
"../../../Engine/Content/EngineMaterials/BaseFlattenDiffuseMap.uasset" 71
"../../../Engine/Content/EngineMaterials/BaseFlattenEmissiveMap.uasset" 72
"../../../Engine/Content/EngineMaterials/BaseFlattenGrayscaleMap.uasset" 73
"../../../Engine/Content/EngineMaterials/BaseFlattenNormalMap.uasset" 74
"../../../Engine/Content/EngineMaterials/BaseFlattenMaterial.uasset" 75
"../../../Engine/Content/EngineMaterials/DefaultBloomKernel.uasset" 76
"../../../Engine/Content/EngineMaterials/DefaultBokeh.uasset" 77
"../../../Engine/Content/EngineMaterials/DefaultDiffuse.uasset" 78
"../../../Engine/Content/EngineMaterials/DefaultDeferredDecalMaterial.uasset" 79
"../../../Engine/Content/EngineMaterials/DefaultLightFunctionMaterial.uasset" 80
"../../../Engine/Content/EngineMaterials/DefaultPhysicalMaterial.uasset" 81
"../../../Engine/Content/Functions/Engine_MaterialFunctions02/Utility/BreakOutFloat2Components.uasset" 82
"../../../Engine/Content/EngineMaterials/DefaultPostProcessMaterial.uasset" 83
"../../../Engine/Content/EngineFonts/RobotoDistanceField.uasset" 84
"../../../Engine/Content/EngineMaterials/DefaultTextMaterialOpaque.uasset" 85
"../../../Engine/Content/EngineMaterials/DefaultWhiteGrid.uasset" 86
"../../../Engine/Content/EngineMaterials/EditorBrushMaterial.uasset" 87
"../../../Engine/Content/EngineMaterials/Good64x64TilingNoiseHighFreq.uasset" 88
"../../../Engine/Content/EngineMaterials/MiniFont.uasset" 89
"../../../Engine/Content/EngineMaterials/InvalidLightmapSettings.uasset" 90
"../../../Engine/Content/EngineMaterials/M_InvalidLightmapSettings.uasset" 91
"../../../Engine/Content/Functions/Engine_MaterialFunctions02/WorldPositionOffset/CameraOffset.uasset" 92
"../../../Engine/Content/EngineMaterials/PhAT_JointLimitMaterial.uasset" 93
"../../../Engine/Content/EngineMaterials/PreintegratedSkinBRDF.uasset" 94
"../../../Engine/Content/EngineMaterials/RemoveSurfaceMaterial.uasset" 95
"../../../Engine/Content/EngineMaterials/WeightMapPlaceholderTexture.uasset" 96
"../../../Engine/Content/EngineResources/WhiteSquareTexture.uasset" 97
"../../../Engine/Content/EngineMaterials/Widget3DPassThrough.uasset" 98
"../../../Engine/Content/EngineMaterials/Widget3DPassThrough_Masked.uasset" 99
"../../../Engine/Content/EngineMaterials/Widget3DPassThrough_Opaque.uasset" 100
"../../../Engine/Content/EngineMaterials/Widget3DPassThrough_Masked_OneSided.uasset" 101
"../../../Engine/Content/EngineMaterials/Widget3DPassThrough_Opaque_OneSided.uasset" 102
"../../../Engine/Content/EngineMaterials/Widget3DPassThrough_Translucent.uasset" 103
"../../../Engine/Content/EngineMaterials/Widget3DPassThrough_Translucent_OneSided.uasset" 104
"../../../Engine/Content/EngineMeshes/Cylinder.uasset" 105
"../../../Engine/Content/EngineMeshes/Sphere.uasset" 106
"../../../Engine/Content/EngineResources/Black.uasset" 107
"../../../Engine/Content/EngineResources/DefaultTexture.uasset" 108
"../../../Engine/Content/EngineResources/DefaultTextureCube.uasset" 109
"../../../Engine/Content/EngineResources/DefaultVolumeTexture2D.uasset" 110
"../../../Engine/Content/EngineResources/DefaultVolumeTexture.uasset" 111
"../../../Engine/Content/EngineResources/GradientTexture0.uasset" 112
"../../../Engine/Content/EngineSounds/Master.uasset" 113
"../../../Engine/Content/Functions/Engine_MaterialFunctions01/Shading/ConvertFromDiffSpec.uasset" 114
"../../../Engine/Content/Functions/Engine_MaterialFunctions01/Shading/PowerToRoughness.uasset" 115
"../../../Engine/Content/Maps/Templates/Thumbnails/Default.uasset" 116
"../../../Engine/Content/Maps/Templates/Thumbnails/VR-Basic.uasset" 117
"../../../Engine/Content/MobileResources/T_MobileControls_texture.uasset" 118
"../../../Engine/Content/MobileResources/T_MobileMenu2.uasset" 119
"../../../Engine/Content/MobileResources/HUD/AnalogHat.uasset" 120
"../../../Engine/Content/MobileResources/HUD/VirtualJoystick_Background.uasset" 121
"../../../Engine/Content/MobileResources/HUD/VirtualJoystick_Thumb.uasset" 122
"../../../Engine/Content/MobileResources/HUD/DefaultVirtualJoysticks.uasset" 123
"../../../Engine/Content/MobileResources/HUD/LeftVirtualJoystickOnly.uasset" 124
"../../../Engine/Content/MobileResources/HUD/MobileHUDButton1_off.uasset" 125
"../../../Engine/Content/MobileResources/HUD/MobileHUDButton1_on.uasset" 126
"../../../Engine/Content/MobileResources/HUD/MobileHUDButton2_off.uasset" 127
"../../../Engine/Content/MobileResources/HUD/MobileHUDButton2_on.uasset" 128
"../../../Engine/Content/MobileResources/HUD/MobileHUDButton3.uasset" 129
"../../../Engine/Content/MobileResources/HUD/MobileHUDButtonFire.uasset" 130
"../../../Engine/Content/MobileResources/HUD/MobileHUDDirectionPad.uasset" 131
"../../../Engine/Content/MobileResources/HUD/MobileHUDDirectionPad2.uasset" 132
"../../../Engine/Content/MobileResources/HUD/MobileHUDDirectionPad3.uasset" 133
"../../../Engine/Content/MobileResources/HUD/MobileHUDDirectionStick.uasset" 134
"../../../Engine/Content/MobileResources/HUD/T_Castle_ThumbstickInner.uasset" 135
"../../../Engine/Content/MobileResources/HUD/T_Castle_ThumbstickOutter.uasset" 136
"../../../Engine/Content/Tutorial/ContentIntroCurve.uasset" 137
"../../../Engine/Content/VREditor/LaserPointer/VR_LaserPower_01.uasset" 138
"../../../Engine/Content/VREditor/TransformGizmo/TransformGizmoMaterial.uasset" 139
"../../../Engine/Content/VREditor/TransformGizmo/TranslucentTransformGizmoMaterial.uasset" 140
"../../../Engine/Content/VREditor/TransformGizmo/BoundingBoxCorner.uasset" 141
"../../../Engine/Content/VREditor/TransformGizmo/BoundingBoxEdge.uasset" 142
"../../../Engine/Content/VREditor/TransformGizmo/PlaneTranslationHandle.uasset" 143
"../../../Engine/Content/VREditor/TransformGizmo/Main.uasset" 144
"../../../Engine/Content/VREditor/TransformGizmo/Xray.uasset" 145
"../../../Engine/Content/VREditor/TransformGizmo/SM_Sequencer_Key.uasset" 146
"../../../Engine/Content/VREditor/TransformGizmo/SM_Sequencer_Node.uasset" 147
"../../Plugins/2D/Paper2D/Content/PlaceholderTextures/DummySpriteTexture.uasset" 148
"../../Plugins/2D/Paper2D/Content/DummySprite.uasset" 149
"../../Plugins/2D/Paper2D/Content/DefaultPaperTerrainMaterial.uasset" 150
"../../Plugins/2D/Paper2D/Content/DefaultSpriteMaterial.uasset" 151
"../../Plugins/2D/Paper2D/Content/MaskedUnlitSpriteMaterial.uasset" 152
"../../Plugins/2D/Paper2D/Content/OpaqueUnlitSpriteMaterial.uasset" 153
"../../Plugins/Runtime/Oculus/OculusVR/Content/Materials/PokeAHoleMaterial.uasset" 154
"../../Plugins/Runtime/Oculus/OculusVR/Content/Textures/GearVRController_AO.uasset" 155
"../../Plugins/Runtime/Oculus/OculusVR/Content/Textures/GearVRController_Color.uasset" 156
"../../Plugins/Runtime/Oculus/OculusVR/Content/Textures/GearVRController_Normal.uasset" 157
"../../Plugins/Runtime/Oculus/OculusVR/Content/Materials/GearVRControllerMaterial.uasset" 158
"../../Plugins/Runtime/Oculus/OculusVR/Content/Meshes/GearVrController.uasset" 159
"../../Plugins/Runtime/Oculus/OculusVR/Content/Textures/touchController_albedo.uasset" 160
"../../Plugins/Runtime/Oculus/OculusVR/Content/Textures/touchController_controlmap.uasset" 161
"../../Plugins/Runtime/Oculus/OculusVR/Content/Materials/touchController_mat.uasset" 162
"../../Plugins/Runtime/Oculus/OculusVR/Content/Meshes/LeftTouchController.uasset" 163
"../../Plugins/Runtime/Oculus/OculusVR/Content/Meshes/RiftHMD.uasset" 164
"../../Plugins/Runtime/Oculus/OculusVR/Content/Meshes/RightTouchController.uasset" 165
"../../../Engine/Content/EditorBlueprintResources/StandardMacros.uasset" 166
"../../../Engine/Content/EngineSky/C_Sky_Cloud_Color.uasset" 167
"../../../Engine/Content/EngineSky/C_Sky_Horizon_Color.uasset" 168
"../../../Engine/Content/EngineSky/C_Sky_Zenith_Color.uasset" 169
"../../../Engine/Content/EngineSky/T_Sky_Blue.uasset" 170
"../../../Engine/Content/EngineSky/T_Sky_Clouds_M.uasset" 171
"../../../Engine/Content/EngineSky/T_Sky_Stars.uasset" 172
"../../../Engine/Content/EngineSky/M_Sky_Panning_Clouds2.uasset" 173
"../../../Engine/Content/EngineSky/SM_SkySphere.uasset" 174
"../../../Engine/Content/EngineSky/BP_Sky_Sphere.uasset" 175
"../../../../../../Users/DRACO/Documents/Unreal Projects/Endless_Runner/Content/Mannequin/Animations/ThirdPersonJump_End.uasset" 176
"../../../../../../Users/DRACO/Documents/Unreal Projects/Endless_Runner/Content/Mannequin/Animations/ThirdPersonJump_Loop.uasset" 177
"../../../../../../Users/DRACO/Documents/Unreal Projects/Endless_Runner/Content/Mannequin/Animations/ThirdPersonJump_Start.uasset" 178
"../../../../../../Users/DRACO/Documents/Unreal Projects/Endless_Runner/Content/Mannequin/Animations/ThirdPersonIdle.uasset" 179
"../../../../../../Users/DRACO/Documents/Unreal Projects/Endless_Runner/Content/Mannequin/Animations/ThirdPersonRun.uasset" 180
"../../../../../../Users/DRACO/Documents/Unreal Projects/Endless_Runner/Content/Mannequin/Animations/ThirdPersonWalk.uasset" 181
"../../../../../../Users/DRACO/Documents/Unreal Projects/Endless_Runner/Content/Mannequin/Animations/ThirdPerson_IdleRun_2D.uasset" 182
"../../../../../../Users/DRACO/Documents/Unreal Projects/Endless_Runner/Content/Mannequin/Animations/ThirdPerson_AnimBP.uasset" 183
"../../../../../../Users/DRACO/Documents/Unreal Projects/Endless_Runner/Content/Runner_files/Blueprints/Endless_savegame.uasset" 184
"../../../Engine/Content/Functions/Engine_MaterialFunctions02/Utility/BlendAngleCorrectedNormals.uasset" 185
"../../../Engine/Content/Functions/MaterialLayerFunctions/MatLayerBlend_NormalBlend.uasset" 186
"../../../Engine/Content/Functions/MaterialLayerFunctions/MatLayerBlend_Simple.uasset" 187
"../../../../../../Users/DRACO/Documents/Unreal Projects/Endless_Runner/Content/Mannequin/Character/Materials/MaterialLayers/T_ML_Rubber_Blue_01_D.uasset" 188
"../../../../../../Users/DRACO/Documents/Unreal Projects/Endless_Runner/Content/Mannequin/Character/Materials/MaterialLayers/T_ML_Rubber_Blue_01_N.uasset" 189
"../../../../../../Users/DRACO/Documents/Unreal Projects/Endless_Runner/Content/Mannequin/Character/Materials/MaterialLayers/ML_GlossyBlack_Latex_UE4.uasset" 190
"../../../../../../Users/DRACO/Documents/Unreal Projects/Endless_Runner/Content/Mannequin/Character/Materials/MaterialLayers/ML_Plastic_Shiny_Beige.uasset" 191
"../../../../../../Users/DRACO/Documents/Unreal Projects/Endless_Runner/Content/Mannequin/Character/Textures/UE4_LOGO_CARD.uasset" 192
"../../../../../../Users/DRACO/Documents/Unreal Projects/Endless_Runner/Content/Mannequin/Character/Materials/MaterialLayers/ML_Plastic_Shiny_Beige_LOGO.uasset" 193
"../../../../../../Users/DRACO/Documents/Unreal Projects/Endless_Runner/Content/Mannequin/Character/Materials/MaterialLayers/T_ML_Aluminum01.uasset" 194
"../../../../../../Users/DRACO/Documents/Unreal Projects/Endless_Runner/Content/Mannequin/Character/Materials/MaterialLayers/T_ML_Aluminum01_N.uasset" 195
"../../../../../../Users/DRACO/Documents/Unreal Projects/Endless_Runner/Content/Mannequin/Character/Materials/MaterialLayers/ML_SoftMetal_UE4.uasset" 196
"../../../../../../Users/DRACO/Documents/Unreal Projects/Endless_Runner/Content/Mannequin/Character/Textures/T_UE4_Mannequin_Mobile_M.uasset" 197
"../../../../../../Users/DRACO/Documents/Unreal Projects/Endless_Runner/Content/Mannequin/Character/Textures/T_UE4_Mannequin_Mobile_N.uasset" 198
"../../../../../../Users/DRACO/Documents/Unreal Projects/Endless_Runner/Content/Mannequin/Character/Materials/M_UE4Man_Body.uasset" 199
"../../../../../../Users/DRACO/Documents/Unreal Projects/Endless_Runner/Content/Mannequin/Character/Textures/UE4Man_Logo_N.uasset" 200
"../../../../../../Users/DRACO/Documents/Unreal Projects/Endless_Runner/Content/Mannequin/Character/Materials/M_UE4Man_ChestLogo.uasset" 201
"../../../../../../Users/DRACO/Documents/Unreal Projects/Endless_Runner/Content/Mannequin/Character/Mesh/SK_Mannequin_Physics.uasset" 202
"../../../../../../Users/DRACO/Documents/Unreal Projects/Endless_Runner/Content/Mannequin/Character/Mesh/SK_Mannequin.uasset" 203
"../../../../../../Users/DRACO/Documents/Unreal Projects/Endless_Runner/Content/UI_Assets/HACKED.uasset" 204
"../../../../../../Users/DRACO/Documents/Unreal Projects/Endless_Runner/Content/UI_Assets/HACKED_Font.uasset" 205
"../../../../../../Users/DRACO/Documents/Unreal Projects/Endless_Runner/Content/Runner_files/Blueprints/Pause.uasset" 206
"../../../../../../Users/DRACO/Documents/Unreal Projects/Endless_Runner/Content/UI_Assets/pausebutton.uasset" 207
"../../../../../../Users/DRACO/Documents/Unreal Projects/Endless_Runner/Content/Runner_files/Blueprints/Runner_hud.uasset" 208
"../../../../../../Users/DRACO/Documents/Unreal Projects/Endless_Runner/Content/UI_Assets/CoinsIcon.uasset" 209
"../../../../../../Users/DRACO/Documents/Unreal Projects/Endless_Runner/Content/UI_Assets/HighscoreIcon.uasset" 210
"../../../../../../Users/DRACO/Documents/Unreal Projects/Endless_Runner/Content/UI_Assets/ScoreIcon.uasset" 211
"../../../../../../Users/DRACO/Documents/Unreal Projects/Endless_Runner/Content/Runner_files/UI/Game_over.uasset" 212
"../../../../../../Users/DRACO/Documents/Unreal Projects/Endless_Runner/Content/ThirdPersonBP/Blueprints/ThirdPersonCharacter.uasset" 213
"../../../../../../Users/DRACO/Documents/Unreal Projects/Endless_Runner/Content/Runner_files/meshes/Boot01Mat.uasset" 214
"../../../../../../Users/DRACO/Documents/Unreal Projects/Endless_Runner/Content/Runner_files/meshes/BootsPickup.uasset" 215
"../../../../../../Users/DRACO/Documents/Unreal Projects/Endless_Runner/Content/Runner_files/Blueprints/Boots_pickup.uasset" 216
"../../../../../../Users/DRACO/Documents/Unreal Projects/Endless_Runner/Content/Runner_files/meshes/KineticEnergy.uasset" 217
"../../../../../../Users/DRACO/Documents/Unreal Projects/Endless_Runner/Content/Runner_files/meshes/pickup_kineticEnergy.uasset" 218
"../../../../../../Users/DRACO/Documents/Unreal Projects/Endless_Runner/Content/Runner_files/sound/Pickup_SFX.uasset" 219
"../../../../../../Users/DRACO/Documents/Unreal Projects/Endless_Runner/Content/Runner_files/Blueprints/Coin_pickup.uasset" 220
"../../../../../../Users/DRACO/Documents/Unreal Projects/Endless_Runner/Content/Runner_files/meshes/MagnetRed.uasset" 221
"../../../../../../Users/DRACO/Documents/Unreal Projects/Endless_Runner/Content/Runner_files/meshes/MagnetWhite.uasset" 222
"../../../../../../Users/DRACO/Documents/Unreal Projects/Endless_Runner/Content/Runner_files/meshes/Magnet.uasset" 223
"../../../../../../Users/DRACO/Documents/Unreal Projects/Endless_Runner/Content/Runner_files/Blueprints/magnet_pickup.uasset" 224
"../../../../../../Users/DRACO/Documents/Unreal Projects/Endless_Runner/Content/Runner_files/meshes/Crate_Diffuse.uasset" 225
"../../../../../../Users/DRACO/Documents/Unreal Projects/Endless_Runner/Content/Runner_files/meshes/Material.uasset" 226
"../../../../../../Users/DRACO/Documents/Unreal Projects/Endless_Runner/Content/Runner_files/meshes/box.uasset" 227
"../../../../../../Users/DRACO/Documents/Unreal Projects/Endless_Runner/Content/Runner_files/Blueprints/Obsticles_BOX.uasset" 228
"../../../../../../Users/DRACO/Documents/Unreal Projects/Endless_Runner/Content/Runner_files/meshes/PipeConnector.uasset" 229
"../../../../../../Users/DRACO/Documents/Unreal Projects/Endless_Runner/Content/Runner_files/meshes/PipeMain.uasset" 230
"../../../../../../Users/DRACO/Documents/Unreal Projects/Endless_Runner/Content/Runner_files/meshes/Low_Obstacles_Pipes.uasset" 231
"../../../../../../Users/DRACO/Documents/Unreal Projects/Endless_Runner/Content/Runner_files/Blueprints/Obsticles_pipe.uasset" 232
"../../../../../../Users/DRACO/Documents/Unreal Projects/Endless_Runner/Content/Runner_files/Endless_tile/FloorTile_Diff.uasset" 233
"../../../../../../Users/DRACO/Documents/Unreal Projects/Endless_Runner/Content/Runner_files/Endless_tile/FloorTile_EM.uasset" 234
"../../../../../../Users/DRACO/Documents/Unreal Projects/Endless_Runner/Content/Runner_files/Endless_tile/FloorTile_Nrm.uasset" 235
"../../../../../../Users/DRACO/Documents/Unreal Projects/Endless_Runner/Content/Runner_files/Endless_tile/FloorTile_mat.uasset" 236
"../../../Engine/Content/BasicShapes/Cube.uasset" 237
"../../../../../../Users/DRACO/Documents/Unreal Projects/Endless_Runner/Content/Runner_files/Blueprints/First_tile.uasset" 238
"../../../../../../Users/DRACO/Documents/Unreal Projects/Endless_Runner/Content/Runner_files/Blueprints/Master_tile.uasset" 239
"../../../../../../Users/DRACO/Documents/Unreal Projects/Endless_Runner/Content/ThirdPersonBP/Blueprints/ThirdPersonGameMode.uasset" 240
"../../../../../../Users/DRACO/Documents/Unreal Projects/Endless_Runner/Content/endless_map_BuiltData.uasset" 241
"../../../../../../Users/DRACO/Documents/Unreal Projects/Endless_Runner/Content/endless_map.umap" 242
"../../../../../../Users/DRACO/Documents/Unreal Projects/Endless_Runner/Content/Blueprints/MainMenuMode.uasset" 243
"../../../../../../Users/DRACO/Documents/Unreal Projects/Endless_Runner/Content/UI_Assets/background.uasset" 244
"../../../../../../Users/DRACO/Documents/Unreal Projects/Endless_Runner/Content/UI_Assets/btn_playgame.uasset" 245
"../../../../../../Users/DRACO/Documents/Unreal Projects/Endless_Runner/Content/UI_Assets/exit_account_893686.uasset" 246
"../../../../../../Users/DRACO/Documents/Unreal Projects/Endless_Runner/Content/Runner_files/UI/MainMenu.uasset" 247
"../../../../../../Users/DRACO/Documents/Unreal Projects/Endless_Runner/Content/MainMenuLevel.umap" 248
"../../../../../../Users/DRACO/Documents/Unreal Projects/Endless_Runner/Content/ThirdPersonBP/Maps/ThirdPersonExampleMap_BuiltData.uasset" 249
"../../../../../../Users/DRACO/Documents/Unreal Projects/Endless_Runner/Content/Geometry/Meshes/CubeMaterial.uasset" 250
"../../../../../../Users/DRACO/Documents/Unreal Projects/Endless_Runner/Content/Geometry/Meshes/1M_Cube.uasset" 251
"../../../../../../Users/DRACO/Documents/Unreal Projects/Endless_Runner/Content/Geometry/Meshes/1M_Cube_Chamfer.uasset" 252
"../../../../../../Users/DRACO/Documents/Unreal Projects/Endless_Runner/Content/Geometry/Meshes/TemplateFloor.uasset" 253
"../../../../../../Users/DRACO/Documents/Unreal Projects/Endless_Runner/Content/ThirdPerson/Meshes/RampMaterial.uasset" 254
"../../../../../../Users/DRACO/Documents/Unreal Projects/Endless_Runner/Content/ThirdPerson/Meshes/Bump_StaticMesh.uasset" 255
"../../../../../../Users/DRACO/Documents/Unreal Projects/Endless_Runner/Content/ThirdPerson/Meshes/LeftArm_StaticMesh.uasset" 256
"../../../../../../Users/DRACO/Documents/Unreal Projects/Endless_Runner/Content/ThirdPerson/Meshes/Linear_Stair_StaticMesh.uasset" 257
"../../../../../../Users/DRACO/Documents/Unreal Projects/Endless_Runner/Content/ThirdPerson/Meshes/Ramp_StaticMesh.uasset" 258
"../../../../../../Users/DRACO/Documents/Unreal Projects/Endless_Runner/Content/ThirdPerson/Meshes/RightArm_StaticMesh.uasset" 259
"../../../../../../Users/DRACO/Documents/Unreal Projects/Endless_Runner/Content/ThirdPersonBP/Maps/ThirdPersonExampleMap.umap" 260
"../../../Engine/Content/Maps/Entry_BuiltData.uasset" 261
"../../../Engine/Content/Maps/Entry.umap" 262
